============================= test session starts =============================
platform win32 -- Python 3.14.0, pytest-9.0.2, pluggy-1.6.0 -- C:\Users\ASUS\AppData\Local\Python\pythoncore-3.14-64\python.exe
cachedir: .pytest_cache
rootdir: D:\APIIT\FYP\FusionLayer
plugins: anyio-4.12.1
collecting ... collected 64 items

tests/test_fusion.py::TestSignRiskOntology::test_all_122_classes_registered PASSED [  1%]
tests/test_fusion.py::TestSignRiskOntology::test_validation_passes PASSED [  3%]
tests/test_fusion.py::TestSignRiskOntology::test_risk_modifiers_in_range PASSED [  4%]
tests/test_fusion.py::TestSignRiskOntology::test_relevance_durations_positive PASSED [  6%]
tests/test_fusion.py::TestSignRiskOntology::test_hazard_signs_have_high_modifiers PASSED [  7%]
tests/test_fusion.py::TestSignRiskOntology::test_informational_signs_have_low_modifiers PASSED [  9%]
tests/test_fusion.py::TestSignRiskOntology::test_stop_sign_is_highest_priority PASSED [ 10%]
tests/test_fusion.py::TestSignRiskOntology::test_accident_sign_is_critical PASSED [ 12%]
tests/test_fusion.py::TestSignRiskOntology::test_contextual_modifier_rain_increases_slippery PASSED [ 14%]
tests/test_fusion.py::TestSignRiskOntology::test_contextual_modifier_night_increases_pedestrian_zones PASSED [ 15%]
tests/test_fusion.py::TestSignRiskOntology::test_get_profile_by_name PASSED [ 17%]
tests/test_fusion.py::TestSignRiskOntology::test_unknown_name_returns_none PASSED [ 18%]
tests/test_fusion.py::TestSignRiskOntology::test_unknown_class_id_returns_none PASSED [ 20%]
tests/test_fusion.py::TestMassFunction::test_default_is_ignorance PASSED [ 21%]
tests/test_fusion.py::TestMassFunction::test_normalization PASSED        [ 23%]
tests/test_fusion.py::TestMassFunction::test_belief_plausibility_bounds PASSED [ 25%]
tests/test_fusion.py::TestMassFunction::test_pignistic_probability PASSED [ 26%]
tests/test_fusion.py::TestMassFunction::test_pignistic_ignorance PASSED  [ 28%]
tests/test_fusion.py::TestMassFunction::test_pignistic_full_danger PASSED [ 29%]
tests/test_fusion.py::TestMassFunction::test_uncertainty_width PASSED    [ 31%]
tests/test_fusion.py::TestMassFunction::test_to_dict PASSED              [ 32%]
tests/test_fusion.py::TestDempsterCombination::test_combine_agreeing_evidence PASSED [ 34%]
tests/test_fusion.py::TestDempsterCombination::test_combine_conflicting_evidence PASSED [ 35%]
tests/test_fusion.py::TestDempsterCombination::test_combine_with_ignorance PASSED [ 37%]
tests/test_fusion.py::TestDempsterCombination::test_combine_total_conflict_returns_ignorance PASSED [ 39%]
tests/test_fusion.py::TestDempsterCombination::test_combine_multiple PASSED [ 40%]
tests/test_fusion.py::TestDempsterCombination::test_combine_empty_list PASSED [ 42%]
tests/test_fusion.py::TestDempsterCombination::test_combine_single PASSED [ 43%]
tests/test_fusion.py::TestEvidenceConstructor::test_tsr_hazard_sign PASSED [ 45%]
tests/test_fusion.py::TestEvidenceConstructor::test_tsr_low_confidence_ignored PASSED [ 46%]
tests/test_fusion.py::TestEvidenceConstructor::test_tsr_informational_sign PASSED [ 48%]
tests/test_fusion.py::TestEvidenceConstructor::test_tsr_decay_reduces_evidence PASSED [ 50%]
tests/test_fusion.py::TestEvidenceConstructor::test_dz_high_risk PASSED  [ 51%]
tests/test_fusion.py::TestEvidenceConstructor::test_dz_low_risk PASSED   [ 53%]
tests/test_fusion.py::TestEvidenceConstructor::test_dz_low_confidence PASSED [ 54%]
tests/test_fusion.py::TestEvidenceConstructor::test_hotspot_active PASSED [ 56%]
tests/test_fusion.py::TestEvidenceConstructor::test_hotspot_inactive PASSED [ 57%]
tests/test_fusion.py::TestTemporalSignBuffer::test_add_and_retrieve PASSED [ 59%]
tests/test_fusion.py::TestTemporalSignBuffer::test_deduplication PASSED  [ 60%]
tests/test_fusion.py::TestTemporalSignBuffer::test_different_signs_not_deduplicated PASSED [ 62%]
tests/test_fusion.py::TestTemporalSignBuffer::test_expiration PASSED     [ 64%]
tests/test_fusion.py::TestTemporalSignBuffer::test_decay_weight PASSED   [ 65%]
tests/test_fusion.py::TestTemporalSignBuffer::test_aggregate_evidence_empty PASSED [ 67%]
tests/test_fusion.py::TestTemporalSignBuffer::test_aggregate_evidence_single_sign PASSED [ 68%]
tests/test_fusion.py::TestTemporalSignBuffer::test_compound_factor PASSED [ 70%]
tests/test_fusion.py::TestTemporalSignBuffer::test_clear PASSED          [ 71%]
tests/test_fusion.py::TestTemporalSignBuffer::test_cleanup PASSED        [ 73%]
tests/test_fusion.py::TestTemporalSignBuffer::test_max_signs_limit PASSED [ 75%]
tests/test_fusion.py::TestFusionEngine::test_dz_only_fusion PASSED       [ 76%]
tests/test_fusion.py::TestFusionEngine::test_dz_plus_tsr_fusion PASSED   [ 78%]
tests/test_fusion.py::TestFusionEngine::test_hazard_sign_escalates_risk PASSED [ 79%]
tests/test_fusion.py::TestFusionEngine::test_low_confidence_tsr_ignored PASSED [ 81%]
tests/test_fusion.py::TestFusionEngine::test_hotspot_increases_risk PASSED [ 82%]
tests/test_fusion.py::TestFusionEngine::test_risk_score_in_valid_range PASSED [ 84%]
tests/test_fusion.py::TestFusionEngine::test_ds_quantities_valid PASSED  [ 85%]
tests/test_fusion.py::TestFusionEngine::test_fusion_result_serialization PASSED [ 87%]
tests/test_fusion.py::TestFusionEngine::test_reset_clears_state PASSED   [ 89%]
tests/test_fusion.py::TestFusionEngine::test_conflict_log_records_high_conflict PASSED [ 90%]
tests/test_fusion.py::TestFusionEngine::test_ema_smoothing PASSED        [ 92%]
tests/test_fusion.py::TestFusionEngine::test_multiple_signs_accumulate PASSED [ 93%]
tests/test_fusion.py::TestIntegration::test_scenario_curve_on_wet_road PASSED [ 95%]
tests/test_fusion.py::TestIntegration::test_scenario_safe_road_informational_sign PASSED [ 96%]
tests/test_fusion.py::TestIntegration::test_scenario_high_risk_no_sign PASSED [ 98%]
tests/test_fusion.py::TestIntegration::test_scenario_full_pipeline PASSED [100%]

============================= 64 passed in 0.16s ==============================
